<?xml version="1.0" encoding="UTF-8"?>
<!-- Generated by org.testng.reporters.JUnitXMLReporter -->
<testsuite ignored="0" hostname="WjoistG" failures="0" tests="3" name="Default test" time="44.706" errors="0" timestamp="2024-04-23T00:17:34 SGT">
  <testcase classname="TestCases.TricentisRegistrationPositiveFlowTest" name="testRegistrationFlow" time="11.932"/>
  <testcase classname="TestCases.TricentisRegistrationPositiveFlowTest" name="testRegistrationFlow" time="12.645"/>
  <testcase classname="TestCases.TricentisRegistrationPositiveFlowTest" name="testRegistrationFlow" time="11.974"/>
</testsuite> <!-- Default test -->
