<?xml version="1.0" encoding="UTF-8"?>
<testng-results ignored="0" total="3" passed="3" failed="0" skipped="0">
  <reporter-output>
  </reporter-output>
  <suite started-at="2024-04-23T00:16:50 SGT" name="Default suite" finished-at="2024-04-23T00:17:34 SGT" duration-ms="44706">
    <groups>
    </groups>
    <test started-at="2024-04-23T00:16:50 SGT" name="Default test" finished-at="2024-04-23T00:17:34 SGT" duration-ms="44706">
      <class name="TestCases.TricentisRegistrationPositiveFlowTest">
        <test-method is-config="true" signature="openBrowser()[pri:0, instance:TestCases.TricentisRegistrationPositiveFlowTest@6e20b53a]" started-at="2024-04-23T00:16:50 SGT" name="openBrowser" finished-at="2024-04-23T00:16:54 SGT" duration-ms="3632" status="PASS">
          <reporter-output>
          </reporter-output>
        </test-method> <!-- openBrowser -->
        <test-method signature="testRegistrationFlow(java.util.HashMap)[pri:0, instance:TestCases.TricentisRegistrationPositiveFlowTest@6e20b53a]" started-at="2024-04-23T00:16:54 SGT" name="testRegistrationFlow" data-provider="getData" finished-at="2024-04-23T00:17:06 SGT" duration-ms="11932" status="PASS">
          <params>
            <param index="0">
              <value>
                <![CDATA[{annualmileageTextj=1234, countryListj=Åland Islands, dateofmanufactureTextj=01/12/1996, makeListj=Volvo, firstnameTextj=qweqw}]]>
              </value>
            </param>
          </params>
          <reporter-output>
          </reporter-output>
        </test-method> <!-- testRegistrationFlow -->
        <test-method is-config="true" signature="closeBrowser()[pri:0, instance:TestCases.TricentisRegistrationPositiveFlowTest@6e20b53a]" started-at="2024-04-23T00:17:06 SGT" name="closeBrowser" finished-at="2024-04-23T00:17:06 SGT" duration-ms="284" status="PASS">
          <reporter-output>
          </reporter-output>
        </test-method> <!-- closeBrowser -->
        <test-method is-config="true" signature="openBrowser()[pri:0, instance:TestCases.TricentisRegistrationPositiveFlowTest@6e20b53a]" started-at="2024-04-23T00:17:06 SGT" name="openBrowser" finished-at="2024-04-23T00:17:08 SGT" duration-ms="1789" status="PASS">
          <reporter-output>
          </reporter-output>
        </test-method> <!-- openBrowser -->
        <test-method signature="testRegistrationFlow(java.util.HashMap)[pri:0, instance:TestCases.TricentisRegistrationPositiveFlowTest@6e20b53a]" started-at="2024-04-23T00:17:08 SGT" name="testRegistrationFlow" data-provider="getData" finished-at="2024-04-23T00:17:20 SGT" duration-ms="12645" status="PASS">
          <params>
            <param index="0">
              <value>
                <![CDATA[{annualmileageTextj=1234, countryListj=Uruguay, dateofmanufactureTextj=01/12/1996, makeListj=Volkswagen, firstnameTextj=asdasd}]]>
              </value>
            </param>
          </params>
          <reporter-output>
          </reporter-output>
        </test-method> <!-- testRegistrationFlow -->
        <test-method is-config="true" signature="closeBrowser()[pri:0, instance:TestCases.TricentisRegistrationPositiveFlowTest@6e20b53a]" started-at="2024-04-23T00:17:20 SGT" name="closeBrowser" finished-at="2024-04-23T00:17:21 SGT" duration-ms="235" status="PASS">
          <reporter-output>
          </reporter-output>
        </test-method> <!-- closeBrowser -->
        <test-method is-config="true" signature="openBrowser()[pri:0, instance:TestCases.TricentisRegistrationPositiveFlowTest@6e20b53a]" started-at="2024-04-23T00:17:21 SGT" name="openBrowser" finished-at="2024-04-23T00:17:22 SGT" duration-ms="1597" status="PASS">
          <reporter-output>
          </reporter-output>
        </test-method> <!-- openBrowser -->
        <test-method signature="testRegistrationFlow(java.util.HashMap)[pri:0, instance:TestCases.TricentisRegistrationPositiveFlowTest@6e20b53a]" started-at="2024-04-23T00:17:22 SGT" name="testRegistrationFlow" data-provider="getData" finished-at="2024-04-23T00:17:34 SGT" duration-ms="11974" status="PASS">
          <params>
            <param index="0">
              <value>
                <![CDATA[{annualmileageTextj=1234, countryListj=Zimbabwe, dateofmanufactureTextj=01/12/1996, makeListj=Toyota, firstnameTextj=zxczxczx}]]>
              </value>
            </param>
          </params>
          <reporter-output>
          </reporter-output>
        </test-method> <!-- testRegistrationFlow -->
        <test-method is-config="true" signature="closeBrowser()[pri:0, instance:TestCases.TricentisRegistrationPositiveFlowTest@6e20b53a]" started-at="2024-04-23T00:17:34 SGT" name="closeBrowser" finished-at="2024-04-23T00:17:34 SGT" duration-ms="244" status="PASS">
          <reporter-output>
          </reporter-output>
        </test-method> <!-- closeBrowser -->
      </class> <!-- TestCases.TricentisRegistrationPositiveFlowTest -->
    </test> <!-- Default test -->
  </suite> <!-- Default suite -->
</testng-results>
